\BOOKMARK [1][-]{section.1}{\376\377\000I\000n\000t\000r\000o\000d\000u\000\347\000\343\000o}{}% 1
\BOOKMARK [1][-]{section.2}{\376\377\000R\000e\000v\000i\000s\000\343\000o\000\040\000l\000i\000t\000e\000r\000\341\000r\000i\000a}{}% 2
\BOOKMARK [2][-]{subsection.2.1}{\376\377\000T\000e\000s\000t\000e}{section.2}% 3
\BOOKMARK [2][-]{subsection.2.2}{\376\377\000T\000e\000s\000t\000e}{section.2}% 4
\BOOKMARK [1][-]{section.3}{\376\377\000O\000b\000j\000e\000t\000i\000v\000o\000s}{}% 5
\BOOKMARK [2][-]{subsection.3.1}{\376\377\000o\000b\000j\000e\000t\000i\000v\000o\000\040\000g\000e\000r\000a\000l}{section.3}% 6
\BOOKMARK [2][-]{subsection.3.2}{\376\377\000o\000b\000j\000e\000t\000i\000v\000o\000s\000\040\000e\000s\000p\000e\000c\000i\000f\000i\000c\000o\000s}{section.3}% 7
\BOOKMARK [1][-]{section.4}{\376\377\000M\000e\000t\000o\000d\000o\000l\000o\000g\000i\000a}{}% 8
\BOOKMARK [2][-]{subsection.4.1}{\376\377\000T\000e\000s\000t\000e}{section.4}% 9
\BOOKMARK [2][-]{subsection.4.2}{\376\377\000T\000e\000s\000t\000e}{section.4}% 10
\BOOKMARK [3][-]{subsubsection.4.2.1}{\376\377\000T\000e\000s\000t\000e}{subsection.4.2}% 11
\BOOKMARK [2][-]{subsection.4.3}{\376\377\000T\000e\000s\000t\000e}{section.4}% 12
\BOOKMARK [3][-]{subsubsection.4.3.1}{\376\377\000T\000e\000s\000t\000e}{subsection.4.3}% 13
\BOOKMARK [3][-]{subsubsection.4.3.2}{\376\377\000T\000e\000s\000t\000e}{subsection.4.3}% 14
\BOOKMARK [3][-]{subsubsection.4.3.3}{\376\377\000T\000e\000s\000t\000e}{subsection.4.3}% 15
\BOOKMARK [3][-]{subsubsection.4.3.4}{\376\377\000T\000e\000s\000t\000e}{subsection.4.3}% 16
\BOOKMARK [1][-]{section.5}{\376\377\000A\000n\000a\000l\000i\000s\000e\000\040\000e\000\040\000R\000e\000s\000u\000l\000t\000a\000d\000o\000s}{}% 17
\BOOKMARK [2][-]{subsection.5.1}{\376\377\000T\000e\000s\000t\000e}{section.5}% 18
\BOOKMARK [2][-]{subsection.5.2}{\376\377\000T\000e\000s\000t\000e}{section.5}% 19
\BOOKMARK [3][-]{subsubsection.5.2.1}{\376\377\000T\000e\000s\000t\000e}{subsection.5.2}% 20
\BOOKMARK [2][-]{subsection.5.3}{\376\377\000T\000e\000s\000t\000e}{section.5}% 21
\BOOKMARK [3][-]{subsubsection.5.3.1}{\376\377\000T\000e\000s\000t\000e}{subsection.5.3}% 22
\BOOKMARK [3][-]{subsubsection.5.3.2}{\376\377\000T\000e\000s\000t\000e}{subsection.5.3}% 23
\BOOKMARK [3][-]{subsubsection.5.3.3}{\376\377\000T\000e\000s\000t\000e}{subsection.5.3}% 24
\BOOKMARK [3][-]{subsubsection.5.3.4}{\376\377\000T\000e\000s\000t\000e}{subsection.5.3}% 25
\BOOKMARK [1][-]{section.6}{\376\377\000C\000o\000n\000c\000l\000u\000\365\000e\000s}{}% 26
\BOOKMARK [2][-]{subsection.6.1}{\376\377\000T\000e\000s\000t\000e}{section.6}% 27
\BOOKMARK [2][-]{subsection.6.2}{\376\377\000T\000e\000s\000t\000e}{section.6}% 28
\BOOKMARK [3][-]{subsubsection.6.2.1}{\376\377\000T\000e\000s\000t\000e}{subsection.6.2}% 29
\BOOKMARK [2][-]{subsection.6.3}{\376\377\000T\000e\000s\000t\000e}{section.6}% 30
\BOOKMARK [3][-]{subsubsection.6.3.1}{\376\377\000T\000e\000s\000t\000e}{subsection.6.3}% 31
\BOOKMARK [3][-]{subsubsection.6.3.2}{\376\377\000T\000e\000s\000t\000e}{subsection.6.3}% 32
\BOOKMARK [1][-]{section.7}{\376\377\000R\000e\000f\000e\000r\000\352\000n\000c\000i\000a\000s}{}% 33
\BOOKMARK [1][-]{section.8}{\376\377\000G\000l\000o\000s\000s\000\341\000r\000i\000o}{}% 34
\BOOKMARK [1][-]{section.8}{\376\377\000A\000p\000\352\000n\000d\000i\000c\000e}{}% 35
\BOOKMARK [1][-]{section.9}{\376\377\000A\000n\000e\000x\000o}{}% 36
\BOOKMARK [1][-]{section.10}{\376\377\000\315\000n\000d\000i\000c\000e}{}% 37
