[Tue Dec 19 22:06:14 2023] install: eso-pic
[Tue Dec 19 22:06:15 2023] install: grfext
[Tue Dec 19 22:06:16 2023] install: grffile
[Tue Dec 19 22:06:17 2023] install: oberdiek
[Tue Dec 19 22:06:18 2023] install: pdfpages
[Tue Dec 19 22:06:18 2023] command: mktexlsr
[Wed Dec 20 12:11:56 2023] install: fancyhdr
[Wed Dec 20 12:11:56 2023] command: mktexlsr
[Wed Dec 20 12:22:24 2023] install: colortbl
[Wed Dec 20 12:22:24 2023] command: mktexlsr
[Wed Dec 20 12:32:56 2023] install: chktex.windows
[Wed Dec 20 12:32:56 2023] install: chktex
[Wed Dec 20 12:32:56 2023] command: mktexlsr
[Wed Dec 20 12:45:52 2023] install: setspace
[Wed Dec 20 12:45:52 2023] command: mktexlsr
[Wed Dec 20 12:46:57 2023] install: epigraph
[Wed Dec 20 12:46:57 2023] command: mktexlsr
[Wed Dec 20 13:11:10 2023] install: titlesec
[Wed Dec 20 13:11:10 2023] command: mktexlsr
[Wed Dec 20 15:30:25 2023] install: nextpage
[Wed Dec 20 15:30:25 2023] command: mktexlsr
[Wed Dec 20 15:36:02 2023] install: babel-portuges
[Wed Dec 20 15:36:02 2023] command: mktexlsr
[Wed Dec 20 15:55:58 2023] install: enumitem
[Wed Dec 20 15:55:58 2023] command: mktexlsr
[Wed Dec 20 15:57:07 2023] install: subfigure
[Wed Dec 20 15:57:07 2023] command: mktexlsr
[Wed Dec 20 15:57:22 2023] install: anyfontsize
[Wed Dec 20 15:57:22 2023] command: mktexlsr
[Wed Dec 20 15:57:29 2023] install: caption
[Wed Dec 20 15:57:29 2023] command: mktexlsr
[Wed Dec 20 15:57:45 2023] install: adjustbox
[Wed Dec 20 15:57:45 2023] install: collectbox
[Wed Dec 20 15:57:45 2023] command: mktexlsr
[Wed Dec 20 15:58:46 2023] install: placeins
[Wed Dec 20 15:58:46 2023] command: mktexlsr
[Wed Dec 20 16:02:26 2023] install: biblatex
[Wed Dec 20 16:02:27 2023] install: logreq
[Wed Dec 20 16:02:27 2023] command: mktexlsr
[Wed Dec 20 16:04:09 2023] install: pdflscape
[Wed Dec 20 16:04:09 2023] command: mktexlsr
[Wed Dec 20 16:13:17 2023] install: bookmark
[Wed Dec 20 16:13:17 2023] command: mktexlsr
[Wed Dec 20 16:15:33 2023] install: abntex2
[Wed Dec 20 16:15:33 2023] command: mktexlsr
[Wed Dec 20 16:24:19 2023] install: csquotes
[Wed Dec 20 16:24:19 2023] command: mktexlsr
