[Tue Dec 19 22:06:18 2023] running mktexlsr
[Tue Dec 19 22:06:20 2023] success, output:
mktexlsr: Updating C:/Users/czarg/AppData/Roaming/TinyTeX/texmf-local/ls-R...
mktexlsr: Updated C:/Users/czarg/AppData/Roaming/TinyTeX/texmf-local/ls-R.
mktexlsr: Updating C:/Users/czarg/AppData/Roaming/TinyTeX/texmf-config/ls-R...
mktexlsr: Updated C:/Users/czarg/AppData/Roaming/TinyTeX/texmf-config/ls-R.
mktexlsr: Updating C:/Users/czarg/AppData/Roaming/TinyTeX/texmf-var/ls-R...
mktexlsr: Updated C:/Users/czarg/AppData/Roaming/TinyTeX/texmf-var/ls-R.
mktexlsr: Updating C:/Users/czarg/AppData/Roaming/TinyTeX/texmf-dist/ls-R...
mktexlsr: Updated C:/Users/czarg/AppData/Roaming/TinyTeX/texmf-dist/ls-R.
mktexlsr: Done.
--end of output of mktexlsr.

[Wed Dec 20 12:11:56 2023] running mktexlsr
[Wed Dec 20 12:11:58 2023] success, output:
mktexlsr: Updating C:/Users/czarg/AppData/Roaming/TinyTeX/texmf-local/ls-R...
mktexlsr: Updated C:/Users/czarg/AppData/Roaming/TinyTeX/texmf-local/ls-R.
mktexlsr: Updating C:/Users/czarg/AppData/Roaming/TinyTeX/texmf-config/ls-R...
mktexlsr: Updated C:/Users/czarg/AppData/Roaming/TinyTeX/texmf-config/ls-R.
mktexlsr: Updating C:/Users/czarg/AppData/Roaming/TinyTeX/texmf-var/ls-R...
mktexlsr: Updated C:/Users/czarg/AppData/Roaming/TinyTeX/texmf-var/ls-R.
mktexlsr: Updating C:/Users/czarg/AppData/Roaming/TinyTeX/texmf-dist/ls-R...
mktexlsr: Updated C:/Users/czarg/AppData/Roaming/TinyTeX/texmf-dist/ls-R.
mktexlsr: Done.
--end of output of mktexlsr.

[Wed Dec 20 12:22:24 2023] running mktexlsr
[Wed Dec 20 12:22:25 2023] success, output:
mktexlsr: Updating C:/Users/czarg/AppData/Roaming/TinyTeX/texmf-local/ls-R...
mktexlsr: Updated C:/Users/czarg/AppData/Roaming/TinyTeX/texmf-local/ls-R.
mktexlsr: Updating C:/Users/czarg/AppData/Roaming/TinyTeX/texmf-config/ls-R...
mktexlsr: Updated C:/Users/czarg/AppData/Roaming/TinyTeX/texmf-config/ls-R.
mktexlsr: Updating C:/Users/czarg/AppData/Roaming/TinyTeX/texmf-var/ls-R...
mktexlsr: Updated C:/Users/czarg/AppData/Roaming/TinyTeX/texmf-var/ls-R.
mktexlsr: Updating C:/Users/czarg/AppData/Roaming/TinyTeX/texmf-dist/ls-R...
mktexlsr: Updated C:/Users/czarg/AppData/Roaming/TinyTeX/texmf-dist/ls-R.
mktexlsr: Done.
--end of output of mktexlsr.

[Wed Dec 20 12:32:56 2023] running mktexlsr
[Wed Dec 20 12:32:57 2023] success, output:
mktexlsr: Updating C:/Users/czarg/AppData/Roaming/TinyTeX/texmf-local/ls-R...
mktexlsr: Updated C:/Users/czarg/AppData/Roaming/TinyTeX/texmf-local/ls-R.
mktexlsr: Updating C:/Users/czarg/AppData/Roaming/TinyTeX/texmf-config/ls-R...
mktexlsr: Updated C:/Users/czarg/AppData/Roaming/TinyTeX/texmf-config/ls-R.
mktexlsr: Updating C:/Users/czarg/AppData/Roaming/TinyTeX/texmf-var/ls-R...
mktexlsr: Updated C:/Users/czarg/AppData/Roaming/TinyTeX/texmf-var/ls-R.
mktexlsr: Updating C:/Users/czarg/AppData/Roaming/TinyTeX/texmf-dist/ls-R...
mktexlsr: Updated C:/Users/czarg/AppData/Roaming/TinyTeX/texmf-dist/ls-R.
mktexlsr: Done.
--end of output of mktexlsr.

[Wed Dec 20 12:45:52 2023] running mktexlsr
[Wed Dec 20 12:45:52 2023] success, output:
mktexlsr: Updating C:/Users/czarg/AppData/Roaming/TinyTeX/texmf-local/ls-R...
mktexlsr: Updated C:/Users/czarg/AppData/Roaming/TinyTeX/texmf-local/ls-R.
mktexlsr: Updating C:/Users/czarg/AppData/Roaming/TinyTeX/texmf-config/ls-R...
mktexlsr: Updated C:/Users/czarg/AppData/Roaming/TinyTeX/texmf-config/ls-R.
mktexlsr: Updating C:/Users/czarg/AppData/Roaming/TinyTeX/texmf-var/ls-R...
mktexlsr: Updated C:/Users/czarg/AppData/Roaming/TinyTeX/texmf-var/ls-R.
mktexlsr: Updating C:/Users/czarg/AppData/Roaming/TinyTeX/texmf-dist/ls-R...
mktexlsr: Updated C:/Users/czarg/AppData/Roaming/TinyTeX/texmf-dist/ls-R.
mktexlsr: Done.
--end of output of mktexlsr.

[Wed Dec 20 12:46:57 2023] running mktexlsr
[Wed Dec 20 12:46:57 2023] success, output:
mktexlsr: Updating C:/Users/czarg/AppData/Roaming/TinyTeX/texmf-local/ls-R...
mktexlsr: Updated C:/Users/czarg/AppData/Roaming/TinyTeX/texmf-local/ls-R.
mktexlsr: Updating C:/Users/czarg/AppData/Roaming/TinyTeX/texmf-config/ls-R...
mktexlsr: Updated C:/Users/czarg/AppData/Roaming/TinyTeX/texmf-config/ls-R.
mktexlsr: Updating C:/Users/czarg/AppData/Roaming/TinyTeX/texmf-var/ls-R...
mktexlsr: Updated C:/Users/czarg/AppData/Roaming/TinyTeX/texmf-var/ls-R.
mktexlsr: Updating C:/Users/czarg/AppData/Roaming/TinyTeX/texmf-dist/ls-R...
mktexlsr: Updated C:/Users/czarg/AppData/Roaming/TinyTeX/texmf-dist/ls-R.
mktexlsr: Done.
--end of output of mktexlsr.

[Wed Dec 20 13:11:10 2023] running mktexlsr
[Wed Dec 20 13:11:10 2023] success, output:
mktexlsr: Updating C:/Users/czarg/AppData/Roaming/TinyTeX/texmf-local/ls-R...
mktexlsr: Updated C:/Users/czarg/AppData/Roaming/TinyTeX/texmf-local/ls-R.
mktexlsr: Updating C:/Users/czarg/AppData/Roaming/TinyTeX/texmf-config/ls-R...
mktexlsr: Updated C:/Users/czarg/AppData/Roaming/TinyTeX/texmf-config/ls-R.
mktexlsr: Updating C:/Users/czarg/AppData/Roaming/TinyTeX/texmf-var/ls-R...
mktexlsr: Updated C:/Users/czarg/AppData/Roaming/TinyTeX/texmf-var/ls-R.
mktexlsr: Updating C:/Users/czarg/AppData/Roaming/TinyTeX/texmf-dist/ls-R...
mktexlsr: Updated C:/Users/czarg/AppData/Roaming/TinyTeX/texmf-dist/ls-R.
mktexlsr: Done.
--end of output of mktexlsr.

[Wed Dec 20 15:30:25 2023] running mktexlsr
[Wed Dec 20 15:30:26 2023] success, output:
mktexlsr: Updating C:/Users/czarg/AppData/Roaming/TinyTeX/texmf-local/ls-R...
mktexlsr: Updated C:/Users/czarg/AppData/Roaming/TinyTeX/texmf-local/ls-R.
mktexlsr: Updating C:/Users/czarg/AppData/Roaming/TinyTeX/texmf-config/ls-R...
mktexlsr: Updated C:/Users/czarg/AppData/Roaming/TinyTeX/texmf-config/ls-R.
mktexlsr: Updating C:/Users/czarg/AppData/Roaming/TinyTeX/texmf-var/ls-R...
mktexlsr: Updated C:/Users/czarg/AppData/Roaming/TinyTeX/texmf-var/ls-R.
mktexlsr: Updating C:/Users/czarg/AppData/Roaming/TinyTeX/texmf-dist/ls-R...
mktexlsr: Updated C:/Users/czarg/AppData/Roaming/TinyTeX/texmf-dist/ls-R.
mktexlsr: Done.
--end of output of mktexlsr.

[Wed Dec 20 15:36:02 2023] running mktexlsr
[Wed Dec 20 15:36:02 2023] success, output:
mktexlsr: Updating C:/Users/czarg/AppData/Roaming/TinyTeX/texmf-local/ls-R...
mktexlsr: Updated C:/Users/czarg/AppData/Roaming/TinyTeX/texmf-local/ls-R.
mktexlsr: Updating C:/Users/czarg/AppData/Roaming/TinyTeX/texmf-config/ls-R...
mktexlsr: Updated C:/Users/czarg/AppData/Roaming/TinyTeX/texmf-config/ls-R.
mktexlsr: Updating C:/Users/czarg/AppData/Roaming/TinyTeX/texmf-var/ls-R...
mktexlsr: Updated C:/Users/czarg/AppData/Roaming/TinyTeX/texmf-var/ls-R.
mktexlsr: Updating C:/Users/czarg/AppData/Roaming/TinyTeX/texmf-dist/ls-R...
mktexlsr: Updated C:/Users/czarg/AppData/Roaming/TinyTeX/texmf-dist/ls-R.
mktexlsr: Done.
--end of output of mktexlsr.

[Wed Dec 20 15:55:58 2023] running mktexlsr
[Wed Dec 20 15:55:58 2023] success, output:
mktexlsr: Updating C:/Users/czarg/AppData/Roaming/TinyTeX/texmf-local/ls-R...
mktexlsr: Updated C:/Users/czarg/AppData/Roaming/TinyTeX/texmf-local/ls-R.
mktexlsr: Updating C:/Users/czarg/AppData/Roaming/TinyTeX/texmf-config/ls-R...
mktexlsr: Updated C:/Users/czarg/AppData/Roaming/TinyTeX/texmf-config/ls-R.
mktexlsr: Updating C:/Users/czarg/AppData/Roaming/TinyTeX/texmf-var/ls-R...
mktexlsr: Updated C:/Users/czarg/AppData/Roaming/TinyTeX/texmf-var/ls-R.
mktexlsr: Updating C:/Users/czarg/AppData/Roaming/TinyTeX/texmf-dist/ls-R...
mktexlsr: Updated C:/Users/czarg/AppData/Roaming/TinyTeX/texmf-dist/ls-R.
mktexlsr: Done.
--end of output of mktexlsr.

[Wed Dec 20 15:57:07 2023] running mktexlsr
[Wed Dec 20 15:57:07 2023] success, output:
mktexlsr: Updating C:/Users/czarg/AppData/Roaming/TinyTeX/texmf-local/ls-R...
mktexlsr: Updated C:/Users/czarg/AppData/Roaming/TinyTeX/texmf-local/ls-R.
mktexlsr: Updating C:/Users/czarg/AppData/Roaming/TinyTeX/texmf-config/ls-R...
mktexlsr: Updated C:/Users/czarg/AppData/Roaming/TinyTeX/texmf-config/ls-R.
mktexlsr: Updating C:/Users/czarg/AppData/Roaming/TinyTeX/texmf-var/ls-R...
mktexlsr: Updated C:/Users/czarg/AppData/Roaming/TinyTeX/texmf-var/ls-R.
mktexlsr: Updating C:/Users/czarg/AppData/Roaming/TinyTeX/texmf-dist/ls-R...
mktexlsr: Updated C:/Users/czarg/AppData/Roaming/TinyTeX/texmf-dist/ls-R.
mktexlsr: Done.
--end of output of mktexlsr.

[Wed Dec 20 15:57:22 2023] running mktexlsr
[Wed Dec 20 15:57:22 2023] success, output:
mktexlsr: Updating C:/Users/czarg/AppData/Roaming/TinyTeX/texmf-local/ls-R...
mktexlsr: Updated C:/Users/czarg/AppData/Roaming/TinyTeX/texmf-local/ls-R.
mktexlsr: Updating C:/Users/czarg/AppData/Roaming/TinyTeX/texmf-config/ls-R...
mktexlsr: Updated C:/Users/czarg/AppData/Roaming/TinyTeX/texmf-config/ls-R.
mktexlsr: Updating C:/Users/czarg/AppData/Roaming/TinyTeX/texmf-var/ls-R...
mktexlsr: Updated C:/Users/czarg/AppData/Roaming/TinyTeX/texmf-var/ls-R.
mktexlsr: Updating C:/Users/czarg/AppData/Roaming/TinyTeX/texmf-dist/ls-R...
mktexlsr: Updated C:/Users/czarg/AppData/Roaming/TinyTeX/texmf-dist/ls-R.
mktexlsr: Done.
--end of output of mktexlsr.

[Wed Dec 20 15:57:29 2023] running mktexlsr
[Wed Dec 20 15:57:30 2023] success, output:
mktexlsr: Updating C:/Users/czarg/AppData/Roaming/TinyTeX/texmf-local/ls-R...
mktexlsr: Updated C:/Users/czarg/AppData/Roaming/TinyTeX/texmf-local/ls-R.
mktexlsr: Updating C:/Users/czarg/AppData/Roaming/TinyTeX/texmf-config/ls-R...
mktexlsr: Updated C:/Users/czarg/AppData/Roaming/TinyTeX/texmf-config/ls-R.
mktexlsr: Updating C:/Users/czarg/AppData/Roaming/TinyTeX/texmf-var/ls-R...
mktexlsr: Updated C:/Users/czarg/AppData/Roaming/TinyTeX/texmf-var/ls-R.
mktexlsr: Updating C:/Users/czarg/AppData/Roaming/TinyTeX/texmf-dist/ls-R...
mktexlsr: Updated C:/Users/czarg/AppData/Roaming/TinyTeX/texmf-dist/ls-R.
mktexlsr: Done.
--end of output of mktexlsr.

[Wed Dec 20 15:57:45 2023] running mktexlsr
[Wed Dec 20 15:57:45 2023] success, output:
mktexlsr: Updating C:/Users/czarg/AppData/Roaming/TinyTeX/texmf-local/ls-R...
mktexlsr: Updated C:/Users/czarg/AppData/Roaming/TinyTeX/texmf-local/ls-R.
mktexlsr: Updating C:/Users/czarg/AppData/Roaming/TinyTeX/texmf-config/ls-R...
mktexlsr: Updated C:/Users/czarg/AppData/Roaming/TinyTeX/texmf-config/ls-R.
mktexlsr: Updating C:/Users/czarg/AppData/Roaming/TinyTeX/texmf-var/ls-R...
mktexlsr: Updated C:/Users/czarg/AppData/Roaming/TinyTeX/texmf-var/ls-R.
mktexlsr: Updating C:/Users/czarg/AppData/Roaming/TinyTeX/texmf-dist/ls-R...
mktexlsr: Updated C:/Users/czarg/AppData/Roaming/TinyTeX/texmf-dist/ls-R.
mktexlsr: Done.
--end of output of mktexlsr.

[Wed Dec 20 15:58:46 2023] running mktexlsr
[Wed Dec 20 15:58:46 2023] success, output:
mktexlsr: Updating C:/Users/czarg/AppData/Roaming/TinyTeX/texmf-local/ls-R...
mktexlsr: Updated C:/Users/czarg/AppData/Roaming/TinyTeX/texmf-local/ls-R.
mktexlsr: Updating C:/Users/czarg/AppData/Roaming/TinyTeX/texmf-config/ls-R...
mktexlsr: Updated C:/Users/czarg/AppData/Roaming/TinyTeX/texmf-config/ls-R.
mktexlsr: Updating C:/Users/czarg/AppData/Roaming/TinyTeX/texmf-var/ls-R...
mktexlsr: Updated C:/Users/czarg/AppData/Roaming/TinyTeX/texmf-var/ls-R.
mktexlsr: Updating C:/Users/czarg/AppData/Roaming/TinyTeX/texmf-dist/ls-R...
mktexlsr: Updated C:/Users/czarg/AppData/Roaming/TinyTeX/texmf-dist/ls-R.
mktexlsr: Done.
--end of output of mktexlsr.

[Wed Dec 20 16:02:27 2023] running mktexlsr
[Wed Dec 20 16:02:27 2023] success, output:
mktexlsr: Updating C:/Users/czarg/AppData/Roaming/TinyTeX/texmf-local/ls-R...
mktexlsr: Updated C:/Users/czarg/AppData/Roaming/TinyTeX/texmf-local/ls-R.
mktexlsr: Updating C:/Users/czarg/AppData/Roaming/TinyTeX/texmf-config/ls-R...
mktexlsr: Updated C:/Users/czarg/AppData/Roaming/TinyTeX/texmf-config/ls-R.
mktexlsr: Updating C:/Users/czarg/AppData/Roaming/TinyTeX/texmf-var/ls-R...
mktexlsr: Updated C:/Users/czarg/AppData/Roaming/TinyTeX/texmf-var/ls-R.
mktexlsr: Updating C:/Users/czarg/AppData/Roaming/TinyTeX/texmf-dist/ls-R...
mktexlsr: Updated C:/Users/czarg/AppData/Roaming/TinyTeX/texmf-dist/ls-R.
mktexlsr: Done.
--end of output of mktexlsr.

[Wed Dec 20 16:04:09 2023] running mktexlsr
[Wed Dec 20 16:04:09 2023] success, output:
mktexlsr: Updating C:/Users/czarg/AppData/Roaming/TinyTeX/texmf-local/ls-R...
mktexlsr: Updated C:/Users/czarg/AppData/Roaming/TinyTeX/texmf-local/ls-R.
mktexlsr: Updating C:/Users/czarg/AppData/Roaming/TinyTeX/texmf-config/ls-R...
mktexlsr: Updated C:/Users/czarg/AppData/Roaming/TinyTeX/texmf-config/ls-R.
mktexlsr: Updating C:/Users/czarg/AppData/Roaming/TinyTeX/texmf-var/ls-R...
mktexlsr: Updated C:/Users/czarg/AppData/Roaming/TinyTeX/texmf-var/ls-R.
mktexlsr: Updating C:/Users/czarg/AppData/Roaming/TinyTeX/texmf-dist/ls-R...
mktexlsr: Updated C:/Users/czarg/AppData/Roaming/TinyTeX/texmf-dist/ls-R.
mktexlsr: Done.
--end of output of mktexlsr.

[Wed Dec 20 16:13:17 2023] running mktexlsr
[Wed Dec 20 16:13:17 2023] success, output:
mktexlsr: Updating C:/Users/czarg/AppData/Roaming/TinyTeX/texmf-local/ls-R...
mktexlsr: Updated C:/Users/czarg/AppData/Roaming/TinyTeX/texmf-local/ls-R.
mktexlsr: Updating C:/Users/czarg/AppData/Roaming/TinyTeX/texmf-config/ls-R...
mktexlsr: Updated C:/Users/czarg/AppData/Roaming/TinyTeX/texmf-config/ls-R.
mktexlsr: Updating C:/Users/czarg/AppData/Roaming/TinyTeX/texmf-var/ls-R...
mktexlsr: Updated C:/Users/czarg/AppData/Roaming/TinyTeX/texmf-var/ls-R.
mktexlsr: Updating C:/Users/czarg/AppData/Roaming/TinyTeX/texmf-dist/ls-R...
mktexlsr: Updated C:/Users/czarg/AppData/Roaming/TinyTeX/texmf-dist/ls-R.
mktexlsr: Done.
--end of output of mktexlsr.

[Wed Dec 20 16:15:33 2023] running mktexlsr
[Wed Dec 20 16:15:33 2023] success, output:
mktexlsr: Updating C:/Users/czarg/AppData/Roaming/TinyTeX/texmf-local/ls-R...
mktexlsr: Updated C:/Users/czarg/AppData/Roaming/TinyTeX/texmf-local/ls-R.
mktexlsr: Updating C:/Users/czarg/AppData/Roaming/TinyTeX/texmf-config/ls-R...
mktexlsr: Updated C:/Users/czarg/AppData/Roaming/TinyTeX/texmf-config/ls-R.
mktexlsr: Updating C:/Users/czarg/AppData/Roaming/TinyTeX/texmf-var/ls-R...
mktexlsr: Updated C:/Users/czarg/AppData/Roaming/TinyTeX/texmf-var/ls-R.
mktexlsr: Updating C:/Users/czarg/AppData/Roaming/TinyTeX/texmf-dist/ls-R...
mktexlsr: Updated C:/Users/czarg/AppData/Roaming/TinyTeX/texmf-dist/ls-R.
mktexlsr: Done.
--end of output of mktexlsr.

[Wed Dec 20 16:24:19 2023] running mktexlsr
[Wed Dec 20 16:24:20 2023] success, output:
mktexlsr: Updating C:/Users/czarg/AppData/Roaming/TinyTeX/texmf-local/ls-R...
mktexlsr: Updated C:/Users/czarg/AppData/Roaming/TinyTeX/texmf-local/ls-R.
mktexlsr: Updating C:/Users/czarg/AppData/Roaming/TinyTeX/texmf-config/ls-R...
mktexlsr: Updated C:/Users/czarg/AppData/Roaming/TinyTeX/texmf-config/ls-R.
mktexlsr: Updating C:/Users/czarg/AppData/Roaming/TinyTeX/texmf-var/ls-R...
mktexlsr: Updated C:/Users/czarg/AppData/Roaming/TinyTeX/texmf-var/ls-R.
mktexlsr: Updating C:/Users/czarg/AppData/Roaming/TinyTeX/texmf-dist/ls-R...
mktexlsr: Updated C:/Users/czarg/AppData/Roaming/TinyTeX/texmf-dist/ls-R.
mktexlsr: Done.
--end of output of mktexlsr.

